<?xml version="1.0" encoding="UTF-8"?>
<!-- Generated by org.testng.reporters.JUnitXMLReporter -->
<testsuite hostname="LAPTOP-NOO1O6PJ" ignored="2" name="Default test(failed)" tests="2" failures="1" timestamp="18 Mar 2018 00:02:08 GMT" time="10.011" errors="0">
  <testcase name="test" time="9.981" classname="com.usa.loginfuntiontest.CheckTesting"/>
  <testcase name="test4" time="0.002" classname="com.usa.loginfuntiontest.CheckTesting">
    <failure type="java.lang.NullPointerException">
      <![CDATA[java.lang.NullPointerException
at com.usa.loginfuntiontest.CheckTesting.test4(CheckTesting.java:38)
... Removed 25 stack frames]]>
    </failure>
  </testcase> <!-- test4 -->
  <testcase name="test3" time="0.0" classname="com.usa.loginfuntiontest.CheckTesting">
    <ignored/>
  </testcase> <!-- test3 -->
  <testcase name="test2" time="0.0" classname="com.usa.loginfuntiontest.CheckTesting">
    <ignored/>
  </testcase> <!-- test2 -->
</testsuite> <!-- Default test(failed) -->
